<?xml version="1.0" encoding="UTF-8"?>
<!-- Generated by org.testng.reporters.JUnitReportReporter -->
<testsuite hostname="DESKTOP-KK129HB" failures="0" tests="1" name="com.company.InputDataTest" time="0.029" errors="0" timestamp="14 Nov 2021 19:29:43 GMT">
  <testcase classname="com.company.InputDataTest" name="resultString" time="0.029"/>
</testsuite> <!-- com.company.InputDataTest -->
